[22-01-22 17:17:56.567] [DEBUG] (Restarter                 224) Creating new Restarter for thread Thread[main,5,main] 
[22-01-22 17:17:56.571] [DEBUG] (Restarter                 224) Immediately restarting application 
[22-01-22 17:17:56.572] [DEBUG] (Restarter                 224) Created RestartClassLoader org.springframework.boot.devtools.restart.classloader.RestartClassLoader@79dc6bca 
[22-01-22 17:17:56.572] [DEBUG] (Restarter                 224) Starting application SpringbootMultiTenancyLiquibaseApplication with URLs [file:/C:/Users/felip/git/spring-boot-multitenancy-datasource-liquibase/target/classes/]
[22-01-22 17:17:56.572] [DEBUG] (ClasspathLoggingApplicationListener  56) Application failed to start with classpath: [file:/C:/Users/felip/git/spring-boot-multitenancy-datasource-liquibase/target/classes/] 
[22-01-22 17:17:56.611] [DEBUG] (ResourceBundleMessageInterpolator  89) Loaded expression factory via original TCCL 
[22-01-22 17:17:56.618] [DEBUG] (ValidatorFactoryImpl      578) HV000234: Using org.hibernate.validator.messageinterpolation.ResourceBundleMessageInterpolator as ValidatorFactory-scoped message interpolator. 
[22-01-22 17:17:56.618] [DEBUG] (ValidatorFactoryImpl      579) HV000234: Using org.hibernate.validator.internal.engine.resolver.JPATraversableResolver as ValidatorFactory-scoped traversable resolver. 
[22-01-22 17:17:56.618] [DEBUG] (ValidatorFactoryImpl      580) HV000234: Using org.hibernate.validator.internal.util.ExecutableParameterNameProvider as ValidatorFactory-scoped parameter name provider. 
[22-01-22 17:17:56.619] [DEBUG] (ValidatorFactoryImpl      581) HV000234: Using org.hibernate.validator.internal.engine.DefaultClockProvider as ValidatorFactory-scoped clock provider. 
[22-01-22 17:17:56.619] [DEBUG] (ValidatorFactoryImpl      582) HV000234: Using org.hibernate.validator.internal.engine.scripting.DefaultScriptEvaluatorFactory as ValidatorFactory-scoped script evaluator factory. 
[22-01-22 17:17:56.868] [ERROR] (SpringApplication         858) Application run failed java.lang.IllegalStateException: Logback configuration error detected: 
ERROR in ch.qos.logback.core.joran.conditional.IfAction - Could not find Janino library on the class path. Skipping conditional processing.
ERROR in ch.qos.logback.core.joran.conditional.IfAction - See also http://logback.qos.ch/codes.html#ifJanino
ERROR in ch.qos.logback.classic.PatternLayout("null") - Empty or null pattern.
ERROR in ch.qos.logback.core.joran.action.NestedComplexPropertyIA - The object on the top the of the stack is not the component pushed earlier.
ERROR in ch.qos.logback.core.ConsoleAppender[STDOUT] - No encoder set for the appender named "STDOUT".
	at org.springframework.boot.logging.logback.LogbackLoggingSystem.loadConfiguration(LogbackLoggingSystem.java:169)
	at org.springframework.boot.logging.logback.LogbackLoggingSystem.reinitialize(LogbackLoggingSystem.java:224)
	at org.springframework.boot.logging.AbstractLoggingSystem.initializeWithConventions(AbstractLoggingSystem.java:75)
	at org.springframework.boot.logging.AbstractLoggingSystem.initialize(AbstractLoggingSystem.java:60)
	at org.springframework.boot.logging.logback.LogbackLoggingSystem.initialize(LogbackLoggingSystem.java:117)
	at org.springframework.boot.context.logging.LoggingApplicationListener.initializeSystem(LoggingApplicationListener.java:292)
	at org.springframework.boot.context.logging.LoggingApplicationListener.initialize(LoggingApplicationListener.java:265)
	at org.springframework.boot.context.logging.LoggingApplicationListener.onApplicationEnvironmentPreparedEvent(LoggingApplicationListener.java:228)
	at org.springframework.boot.context.logging.LoggingApplicationListener.onApplicationEvent(LoggingApplicationListener.java:201)
	at org.springframework.context.event.SimpleApplicationEventMulticaster.doInvokeListener(SimpleApplicationEventMulticaster.java:172)
	at org.springframework.context.event.SimpleApplicationEventMulticaster.invokeListener(SimpleApplicationEventMulticaster.java:165)
	at org.springframework.context.event.SimpleApplicationEventMulticaster.multicastEvent(SimpleApplicationEventMulticaster.java:139)
	at org.springframework.context.event.SimpleApplicationEventMulticaster.multicastEvent(SimpleApplicationEventMulticaster.java:127)
	at org.springframework.boot.context.event.EventPublishingRunListener.environmentPrepared(EventPublishingRunListener.java:75)
	at org.springframework.boot.SpringApplicationRunListeners.environmentPrepared(SpringApplicationRunListeners.java:54)
	at org.springframework.boot.SpringApplication.prepareEnvironment(SpringApplication.java:347)
	at org.springframework.boot.SpringApplication.run(SpringApplication.java:306)
	at org.springframework.boot.SpringApplication.run(SpringApplication.java:1260)
	at org.springframework.boot.SpringApplication.run(SpringApplication.java:1248)
	at SpringbootMultiTenancyLiquibaseApplication.main(SpringbootMultiTenancyLiquibaseApplication.java:13)
	at sun.reflect.NativeMethodAccessorImpl.invoke0(Native Method)
	at sun.reflect.NativeMethodAccessorImpl.invoke(NativeMethodAccessorImpl.java:62)
	at sun.reflect.DelegatingMethodAccessorImpl.invoke(DelegatingMethodAccessorImpl.java:43)
	at java.lang.reflect.Method.invoke(Method.java:498)
	at org.springframework.boot.devtools.restart.RestartLauncher.run(RestartLauncher.java:49)

[22-01-22 17:27:46.372] [DEBUG] (Restarter                 224) Creating new Restarter for thread Thread[main,5,main] 
[22-01-22 17:27:46.374] [DEBUG] (Restarter                 224) Immediately restarting application 
[22-01-22 17:27:46.375] [DEBUG] (Restarter                 224) Created RestartClassLoader org.springframework.boot.devtools.restart.classloader.RestartClassLoader@79dc6bca 
[22-01-22 17:27:46.375] [DEBUG] (Restarter                 224) Starting application SpringbootMultiTenancyLiquibaseApplication with URLs [file:/C:/Users/felip/git/spring-boot-multitenancy-datasource-liquibase/target/classes/]
[22-01-22 17:27:46.375] [DEBUG] (ClasspathLoggingApplicationListener  56) Application failed to start with classpath: [file:/C:/Users/felip/git/spring-boot-multitenancy-datasource-liquibase/target/classes/] 
[22-01-22 17:27:46.382] [DEBUG] (ResourceBundleMessageInterpolator  89) Loaded expression factory via original TCCL 
[22-01-22 17:27:46.389] [DEBUG] (ValidatorFactoryImpl      578) HV000234: Using org.hibernate.validator.messageinterpolation.ResourceBundleMessageInterpolator as ValidatorFactory-scoped message interpolator. 
[22-01-22 17:27:46.389] [DEBUG] (ValidatorFactoryImpl      579) HV000234: Using org.hibernate.validator.internal.engine.resolver.JPATraversableResolver as ValidatorFactory-scoped traversable resolver. 
[22-01-22 17:27:46.389] [DEBUG] (ValidatorFactoryImpl      580) HV000234: Using org.hibernate.validator.internal.util.ExecutableParameterNameProvider as ValidatorFactory-scoped parameter name provider. 
[22-01-22 17:27:46.389] [DEBUG] (ValidatorFactoryImpl      581) HV000234: Using org.hibernate.validator.internal.engine.DefaultClockProvider as ValidatorFactory-scoped clock provider. 
[22-01-22 17:27:46.389] [DEBUG] (ValidatorFactoryImpl      582) HV000234: Using org.hibernate.validator.internal.engine.scripting.DefaultScriptEvaluatorFactory as ValidatorFactory-scoped script evaluator factory. 
[22-01-22 17:27:46.638] [ERROR] (SpringApplication         858) Application run failed java.lang.IllegalStateException: Logback configuration error detected: 
ERROR in ch.qos.logback.core.joran.conditional.IfAction - Could not find Janino library on the class path. Skipping conditional processing.
ERROR in ch.qos.logback.core.joran.conditional.IfAction - See also http://logback.qos.ch/codes.html#ifJanino
ERROR in ch.qos.logback.classic.PatternLayout("null") - Empty or null pattern.
ERROR in ch.qos.logback.core.joran.action.NestedComplexPropertyIA - The object on the top the of the stack is not the component pushed earlier.
ERROR in ch.qos.logback.core.ConsoleAppender[STDOUT] - No encoder set for the appender named "STDOUT".
	at org.springframework.boot.logging.logback.LogbackLoggingSystem.loadConfiguration(LogbackLoggingSystem.java:169)
	at org.springframework.boot.logging.logback.LogbackLoggingSystem.reinitialize(LogbackLoggingSystem.java:224)
	at org.springframework.boot.logging.AbstractLoggingSystem.initializeWithConventions(AbstractLoggingSystem.java:75)
	at org.springframework.boot.logging.AbstractLoggingSystem.initialize(AbstractLoggingSystem.java:60)
	at org.springframework.boot.logging.logback.LogbackLoggingSystem.initialize(LogbackLoggingSystem.java:117)
	at org.springframework.boot.context.logging.LoggingApplicationListener.initializeSystem(LoggingApplicationListener.java:292)
	at org.springframework.boot.context.logging.LoggingApplicationListener.initialize(LoggingApplicationListener.java:265)
	at org.springframework.boot.context.logging.LoggingApplicationListener.onApplicationEnvironmentPreparedEvent(LoggingApplicationListener.java:228)
	at org.springframework.boot.context.logging.LoggingApplicationListener.onApplicationEvent(LoggingApplicationListener.java:201)
	at org.springframework.context.event.SimpleApplicationEventMulticaster.doInvokeListener(SimpleApplicationEventMulticaster.java:172)
	at org.springframework.context.event.SimpleApplicationEventMulticaster.invokeListener(SimpleApplicationEventMulticaster.java:165)
	at org.springframework.context.event.SimpleApplicationEventMulticaster.multicastEvent(SimpleApplicationEventMulticaster.java:139)
	at org.springframework.context.event.SimpleApplicationEventMulticaster.multicastEvent(SimpleApplicationEventMulticaster.java:127)
	at org.springframework.boot.context.event.EventPublishingRunListener.environmentPrepared(EventPublishingRunListener.java:75)
	at org.springframework.boot.SpringApplicationRunListeners.environmentPrepared(SpringApplicationRunListeners.java:54)
	at org.springframework.boot.SpringApplication.prepareEnvironment(SpringApplication.java:347)
	at org.springframework.boot.SpringApplication.run(SpringApplication.java:306)
	at org.springframework.boot.SpringApplication.run(SpringApplication.java:1260)
	at org.springframework.boot.SpringApplication.run(SpringApplication.java:1248)
	at SpringbootMultiTenancyLiquibaseApplication.main(SpringbootMultiTenancyLiquibaseApplication.java:13)
	at sun.reflect.NativeMethodAccessorImpl.invoke0(Native Method)
	at sun.reflect.NativeMethodAccessorImpl.invoke(NativeMethodAccessorImpl.java:62)
	at sun.reflect.DelegatingMethodAccessorImpl.invoke(DelegatingMethodAccessorImpl.java:43)
	at java.lang.reflect.Method.invoke(Method.java:498)
	at org.springframework.boot.devtools.restart.RestartLauncher.run(RestartLauncher.java:49)

