2022-01-22 17:04:24.458 [restartedMain] DEBUG org.springframework.boot.devtools.restart.Restarter - Creating new Restarter for thread Thread[main,5,main]
2022-01-22 17:04:24.460 [restartedMain] DEBUG org.springframework.boot.devtools.restart.Restarter - Immediately restarting application
2022-01-22 17:04:24.460 [restartedMain] DEBUG org.springframework.boot.devtools.restart.Restarter - Created RestartClassLoader org.springframework.boot.devtools.restart.classloader.RestartClassLoader@34b779a6
2022-01-22 17:04:24.460 [restartedMain] DEBUG org.springframework.boot.devtools.restart.Restarter - Starting application SpringbootMultiTenancyLiquibaseApplication with URLs [file:/C:/Users/felip/git/spring-boot-multitenancy-datasource-liquibase/target/classes/]
2022-01-22 17:04:24.461 [background-preinit] DEBUG org.hibernate.validator.messageinterpolation.ResourceBundleMessageInterpolator - Loaded expression factory via original TCCL
2022-01-22 17:04:24.472 [restartedMain] DEBUG org.springframework.boot.context.logging.ClasspathLoggingApplicationListener - Application failed to start with classpath: [file:/C:/Users/felip/git/spring-boot-multitenancy-datasource-liquibase/target/classes/]
2022-01-22 17:04:24.478 [background-preinit] DEBUG org.hibernate.validator.internal.engine.ValidatorFactoryImpl - HV000234: Using org.hibernate.validator.messageinterpolation.ResourceBundleMessageInterpolator as ValidatorFactory-scoped message interpolator.
2022-01-22 17:04:24.478 [background-preinit] DEBUG org.hibernate.validator.internal.engine.ValidatorFactoryImpl - HV000234: Using org.hibernate.validator.internal.engine.resolver.JPATraversableResolver as ValidatorFactory-scoped traversable resolver.
2022-01-22 17:04:24.478 [background-preinit] DEBUG org.hibernate.validator.internal.engine.ValidatorFactoryImpl - HV000234: Using org.hibernate.validator.internal.util.ExecutableParameterNameProvider as ValidatorFactory-scoped parameter name provider.
2022-01-22 17:04:24.478 [background-preinit] DEBUG org.hibernate.validator.internal.engine.ValidatorFactoryImpl - HV000234: Using org.hibernate.validator.internal.engine.DefaultClockProvider as ValidatorFactory-scoped clock provider.
2022-01-22 17:04:24.478 [background-preinit] DEBUG org.hibernate.validator.internal.engine.ValidatorFactoryImpl - HV000234: Using org.hibernate.validator.internal.engine.scripting.DefaultScriptEvaluatorFactory as ValidatorFactory-scoped script evaluator factory.
2022-01-22 17:05:13.208 [restartedMain] DEBUG org.springframework.boot.devtools.restart.Restarter - Creating new Restarter for thread Thread[main,5,main]
2022-01-22 17:05:13.210 [restartedMain] DEBUG org.springframework.boot.devtools.restart.Restarter - Immediately restarting application
2022-01-22 17:05:13.210 [restartedMain] DEBUG org.springframework.boot.devtools.restart.Restarter - Created RestartClassLoader org.springframework.boot.devtools.restart.classloader.RestartClassLoader@33bae727
2022-01-22 17:05:13.210 [restartedMain] DEBUG org.springframework.boot.devtools.restart.Restarter - Starting application SpringbootMultiTenancyLiquibaseApplication with URLs [file:/C:/Users/felip/git/spring-boot-multitenancy-datasource-liquibase/target/classes/]
2022-01-22 17:05:13.211 [restartedMain] DEBUG org.springframework.boot.context.logging.ClasspathLoggingApplicationListener - Application failed to start with classpath: [file:/C:/Users/felip/git/spring-boot-multitenancy-datasource-liquibase/target/classes/]
2022-01-22 17:05:13.236 [background-preinit] DEBUG org.hibernate.validator.messageinterpolation.ResourceBundleMessageInterpolator - Loaded expression factory via original TCCL
2022-01-22 17:05:13.243 [background-preinit] DEBUG org.hibernate.validator.internal.engine.ValidatorFactoryImpl - HV000234: Using org.hibernate.validator.messageinterpolation.ResourceBundleMessageInterpolator as ValidatorFactory-scoped message interpolator.
2022-01-22 17:05:13.244 [background-preinit] DEBUG org.hibernate.validator.internal.engine.ValidatorFactoryImpl - HV000234: Using org.hibernate.validator.internal.engine.resolver.JPATraversableResolver as ValidatorFactory-scoped traversable resolver.
2022-01-22 17:05:13.244 [background-preinit] DEBUG org.hibernate.validator.internal.engine.ValidatorFactoryImpl - HV000234: Using org.hibernate.validator.internal.util.ExecutableParameterNameProvider as ValidatorFactory-scoped parameter name provider.
2022-01-22 17:05:13.244 [background-preinit] DEBUG org.hibernate.validator.internal.engine.ValidatorFactoryImpl - HV000234: Using org.hibernate.validator.internal.engine.DefaultClockProvider as ValidatorFactory-scoped clock provider.
2022-01-22 17:05:13.244 [background-preinit] DEBUG org.hibernate.validator.internal.engine.ValidatorFactoryImpl - HV000234: Using org.hibernate.validator.internal.engine.scripting.DefaultScriptEvaluatorFactory as ValidatorFactory-scoped script evaluator factory.
2022-01-22 17:05:54.862 [restartedMain] DEBUG org.springframework.boot.devtools.restart.Restarter - Creating new Restarter for thread Thread[main,5,main]
2022-01-22 17:05:54.864 [restartedMain] DEBUG org.springframework.boot.devtools.restart.Restarter - Immediately restarting application
2022-01-22 17:05:54.864 [restartedMain] DEBUG org.springframework.boot.devtools.restart.Restarter - Created RestartClassLoader org.springframework.boot.devtools.restart.classloader.RestartClassLoader@2be69c29
2022-01-22 17:05:54.864 [restartedMain] DEBUG org.springframework.boot.devtools.restart.Restarter - Starting application SpringbootMultiTenancyLiquibaseApplication with URLs [file:/C:/Users/felip/git/spring-boot-multitenancy-datasource-liquibase/target/classes/]
2022-01-22 17:05:54.864 [restartedMain] DEBUG org.springframework.boot.context.logging.ClasspathLoggingApplicationListener - Application failed to start with classpath: [file:/C:/Users/felip/git/spring-boot-multitenancy-datasource-liquibase/target/classes/]
2022-01-22 17:05:54.884 [background-preinit] DEBUG org.hibernate.validator.messageinterpolation.ResourceBundleMessageInterpolator - Loaded expression factory via original TCCL
2022-01-22 17:05:54.892 [background-preinit] DEBUG org.hibernate.validator.internal.engine.ValidatorFactoryImpl - HV000234: Using org.hibernate.validator.messageinterpolation.ResourceBundleMessageInterpolator as ValidatorFactory-scoped message interpolator.
2022-01-22 17:05:54.892 [background-preinit] DEBUG org.hibernate.validator.internal.engine.ValidatorFactoryImpl - HV000234: Using org.hibernate.validator.internal.engine.resolver.JPATraversableResolver as ValidatorFactory-scoped traversable resolver.
2022-01-22 17:05:54.892 [background-preinit] DEBUG org.hibernate.validator.internal.engine.ValidatorFactoryImpl - HV000234: Using org.hibernate.validator.internal.util.ExecutableParameterNameProvider as ValidatorFactory-scoped parameter name provider.
2022-01-22 17:05:54.892 [background-preinit] DEBUG org.hibernate.validator.internal.engine.ValidatorFactoryImpl - HV000234: Using org.hibernate.validator.internal.engine.DefaultClockProvider as ValidatorFactory-scoped clock provider.
2022-01-22 17:05:54.892 [background-preinit] DEBUG org.hibernate.validator.internal.engine.ValidatorFactoryImpl - HV000234: Using org.hibernate.validator.internal.engine.scripting.DefaultScriptEvaluatorFactory as ValidatorFactory-scoped script evaluator factory.
